Arguments: 
  C:\Program Files\nodejs\node.exe C:\Users\Ricar\AppData\Roaming\npm\node_modules\yarn\bin\yarn.js add --dev electron

PATH: 
  C:\Windows\system32;C:\Windows;C:\Windows\System32\Wbem;C:\Windows\System32\WindowsPowerShell\v1.0\;C:\Windows\System32\OpenSSH\;C:\adb;C:\Program Files\nodejs\;C:\ProgramData\chocolatey\bin;C:\Users\Ricar\AppData\Local\Programs\Python\Python310\Scripts\;C:\Users\Ricar\AppData\Local\Programs\Python\Python310\;C:\Users\Ricar\AppData\Local\Microsoft\WindowsApps;C:\texlive\2022\bin\win32;C:\Users\Ricar\AppData\Local\Programs\Microsoft VS Code\bin;C:\Users\Ricar\AppData\Roaming\npm;C:\Users\Ricar\AppData\Local\GitHubDesktop\bin

Yarn version: 
  1.22.19

Node version: 
  16.15.1

Platform: 
  win32 x64

Trace: 
  SyntaxError: C:\Users\Ricar\OneDrive\桌面\mug\package.json: Unexpected token { in JSON at position 175
      at JSON.parse (<anonymous>)
      at C:\Users\Ricar\AppData\Roaming\npm\node_modules\yarn\lib\cli.js:1629:59
      at Generator.next (<anonymous>)
      at step (C:\Users\Ricar\AppData\Roaming\npm\node_modules\yarn\lib\cli.js:310:30)
      at C:\Users\Ricar\AppData\Roaming\npm\node_modules\yarn\lib\cli.js:321:13

npm manifest: 
  {
    "name": "mug",
    "version": "0.0.1",
    "description": "All-in-One Literature Management",
    "main": "main.js",
    "author": "RicardoSung, PeterGam",
    "license": "GPL-v3",
  {
    "scripts": {
      "start": "electron ."
    }
  }
  }

yarn manifest: 
  No manifest

Lockfile: 
  # THIS IS AN AUTOGENERATED FILE. DO NOT EDIT THIS FILE DIRECTLY.
  # yarn lockfile v1
